<?xml version="1.0" encoding="UTF-8"?>
<testng-results ignored="0" total="1" passed="1" failed="0" skipped="0">
  <reporter-output>
  </reporter-output>
  <suite started-at="2026-02-19T18:35:19 IST" name="Default suite" finished-at="2026-02-19T18:35:22 IST" duration-ms="3523">
    <groups>
    </groups>
    <test started-at="2026-02-19T18:35:19 IST" name="Default test" finished-at="2026-02-19T18:35:22 IST" duration-ms="3523">
      <class name="api.tests.SecurityTest">
        <test-method signature="testBearerTokenWithJsonPlaceholder()[pri:0, instance:api.tests.SecurityTest@4b45a2f5]" started-at="2026-02-19T18:35:19 IST" name="testBearerTokenWithJsonPlaceholder" finished-at="2026-02-19T18:35:22 IST" duration-ms="3438" status="PASS">
          <reporter-output>
          </reporter-output>
        </test-method> <!-- testBearerTokenWithJsonPlaceholder -->
      </class> <!-- api.tests.SecurityTest -->
    </test> <!-- Default test -->
  </suite> <!-- Default suite -->
</testng-results>
