<?xml version="1.0" encoding="UTF-8"?>
<!-- Generated by org.testng.reporters.JUnitReportReporter -->
<testsuite hostname="N16946" failures="0" tests="10" name="runners.TestRunner" time="0.187" errors="0" timestamp="2026-01-30T17:46:50 IST" skipped="0">
  <testcase classname="runners.TestRunner" name="runScenario" time="0.011"/>
  <testcase classname="runners.TestRunner" name="runScenario" time="0.091"/>
  <testcase classname="runners.TestRunner" name="runScenario" time="0.016"/>
  <testcase classname="runners.TestRunner" name="runScenario" time="0.007"/>
  <testcase classname="runners.TestRunner" name="runScenario" time="0.006"/>
  <testcase classname="runners.TestRunner" name="runScenario" time="0.017"/>
  <testcase classname="runners.TestRunner" name="runScenario" time="0.015"/>
  <testcase classname="runners.TestRunner" name="runScenario" time="0.008"/>
  <testcase classname="runners.TestRunner" name="runScenario" time="0.007"/>
  <testcase classname="runners.TestRunner" name="runScenario" time="0.009"/>
</testsuite> <!-- runners.TestRunner -->
