<?xml version="1.0" encoding="UTF-8"?>
<!-- Generated by org.testng.reporters.JUnitReportReporter -->
<testsuite hostname="N16946" failures="0" tests="10" name="api.tests.RestAssuredBasicsTest" time="9.080" errors="0" timestamp="2026-01-22T18:13:25 IST" skipped="0">
  <testcase classname="api.tests.RestAssuredBasicsTest" name="testUpdatePost" time="0.844"/>
  <testcase classname="api.tests.RestAssuredBasicsTest" name="testGetWithUtils" time="0.327"/>
  <testcase classname="api.tests.RestAssuredBasicsTest" name="testBasicAuth" time="3.743"/>
  <testcase classname="api.tests.RestAssuredBasicsTest" name="testDeletePost" time="0.517"/>
  <testcase classname="api.tests.RestAssuredBasicsTest" name="testBearerToken" time="0.401"/>
  <testcase classname="api.tests.RestAssuredBasicsTest" name="testInvalidRoute" time="0.811"/>
  <testcase classname="api.tests.RestAssuredBasicsTest" name="testGetNonExistentPost" time="0.988"/>
  <testcase classname="api.tests.RestAssuredBasicsTest" name="testCreatePost" time="0.841"/>
  <testcase classname="api.tests.RestAssuredBasicsTest" name="testGetPostWithLogging" time="0.261"/>
  <testcase classname="api.tests.RestAssuredBasicsTest" name="testGetSinglePost" time="0.347"/>
</testsuite> <!-- api.tests.RestAssuredBasicsTest -->
