<?xml version="1.0" encoding="UTF-8"?>
<!-- Generated by org.testng.reporters.JUnitReportReporter -->
<testsuite hostname="N16946" failures="0" tests="4" name="tests.ProductsAndCartTests" time="62.559" errors="0" timestamp="2026-02-14T11:42:23 IST" skipped="0">
  <testcase classname="tests.ProductsAndCartTests" name="testAddTwoProductsAndVerifyCart" time="12.188"/>
  <testcase classname="tests.ProductsAndCartTests" name="testAddAndRemoveSingleProduct" time="23.022"/>
  <testcase classname="tests.ProductsAndCartTests" name="testAddProductAndLogout" time="16.640"/>
  <testcase classname="tests.ProductsAndCartTests" name="verifyProductsUsingStream" time="10.709"/>
</testsuite> <!-- tests.ProductsAndCartTests -->
