<?xml version="1.0" encoding="UTF-8"?>
<!-- Generated by org.testng.reporters.JUnitReportReporter -->
<testsuite hostname="N16946" failures="0" tests="2" name="tests.RestAssuredAdvancedTest" time="7.150" errors="0" timestamp="2026-01-08T17:46:15 IST" skipped="0">
  <testcase classname="tests.RestAssuredAdvancedTest" name="setup" time="0.605"/>
  <testcase classname="tests.RestAssuredAdvancedTest" name="testExtractDataAndValidate" time="6.545"/>
</testsuite> <!-- tests.RestAssuredAdvancedTest -->
