<?xml version="1.0" encoding="UTF-8"?>
<!-- Generated by org.testng.reporters.JUnitReportReporter -->
<testsuite hostname="N16946" failures="0" tests="4" name="api.tests.RestAssuredAdvancedTest" time="3.443" errors="0" timestamp="2026-02-05T15:37:01 IST" skipped="0">
  <testcase classname="api.tests.RestAssuredAdvancedTest" name="testVerifyResponseHeaders" time="0.277"/>
  <testcase classname="api.tests.RestAssuredAdvancedTest" name="testValidateListResponse" time="0.521"/>
  <testcase classname="api.tests.RestAssuredAdvancedTest" name="validateApiResponse" time="0.409"/>
  <testcase classname="api.tests.RestAssuredAdvancedTest" name="testDatabaseValidationWithPlaceholder" time="2.236"/>
</testsuite> <!-- api.tests.RestAssuredAdvancedTest -->
