<?xml version="1.0" encoding="UTF-8"?>
<!-- Generated by org.testng.reporters.JUnitReportReporter -->
<testsuite hostname="N16946" failures="0" tests="3" name="tests.RestAssuredBasicsTest" time="14.700" errors="0" timestamp="2026-01-07T18:34:22 IST" skipped="0">
  <testcase classname="tests.RestAssuredBasicsTest" name="testGetPostWithLogging" time="8.651"/>
  <testcase classname="tests.RestAssuredBasicsTest" name="testCreatepost" time="4.889"/>
  <testcase classname="tests.RestAssuredBasicsTest" name="testGetSinglePost" time="1.160"/>
</testsuite> <!-- tests.RestAssuredBasicsTest -->
