<?xml version="1.0" encoding="UTF-8"?>
<!-- Generated by org.testng.reporters.JUnitReportReporter -->
<testsuite hostname="N16946" failures="0" tests="6" name="tests.LoginTests" time="97.868" errors="0" timestamp="2026-02-14T11:42:23 IST" skipped="0">
  <testcase classname="tests.LoginTests" name="testLoginWithHelper" time="18.615"/>
  <testcase classname="tests.LoginTests" name="testMultipleLogins" time="21.439"/>
  <testcase classname="tests.LoginTests" name="testMultipleLogins" time="10.324"/>
  <testcase classname="tests.LoginTests" name="testMultipleLogins" time="16.425"/>
  <testcase classname="tests.LoginTests" name="testInvalidLogin" time="18.544"/>
  <testcase classname="tests.LoginTests" name="testMultipleLogins" time="12.521"/>
</testsuite> <!-- tests.LoginTests -->
